<?xml version="1.0" encoding="UTF-8"?>
<!-- Generated by org.testng.reporters.JUnitXMLReporter -->
<testsuite ignored="0" hostname="sravankumarc" failures="1" tests="1" name="Test" time="10.099" errors="0" timestamp="2023-02-16T21:47:03 IST">
  <testcase classname="crossBrowseParallel.UsingListner" name="listen" time="9.684">
    <failure type="java.lang.AssertionError" message="expected [amazon] but found [Amazon.in Bestsellers: The most popular items on Amazon]">
      <![CDATA[java.lang.AssertionError: expected [amazon] but found [Amazon.in Bestsellers: The most popular items on Amazon]
at crossBrowseParallel.UsingListner.listen(UsingListner.java:30)
at java.base/java.util.ArrayList.forEach(ArrayList.java:1541)
... Removed 33 stack frames]]>
    </failure>
  </testcase> <!-- listen -->
</testsuite> <!-- Test -->
